2026-04-07 04:35:39,364 - aqt.helper - DEBUG - helper 8764 Attempt to download checksum at https://download.qt.io/online/qtsdkrepository/windows_x86/desktop/qt6_6101/qt6_6101/Updates.xml.sha256
2026-04-07 04:35:54,186 - aqt.main - INFO - installer 13740 aqtinstall(aqt) v3.3.0 on Python 3.13.12 [CPython MSC v.1942 64 bit (AMD64)]
2026-04-07 04:35:54,187 - aqt.helper - DEBUG - helper 13740 Attempt to download checksum at https://download.qt.io/online/qtsdkrepository/windows_x86/desktop/qt6_6101/qt6_6101/Updates.xml.sha256
2026-04-07 04:35:56,310 - aqt.helper - DEBUG - helper 13740 Attempt to download checksum at https://download.qt.io/online/qtsdkrepository/windows_x86/extensions/qtwebengine/6101/msvc2022_64/Updates.xml.sha256
2026-04-07 04:36:01,579 - aqt.archives - INFO - archives 13740 Found extension qtwebengine
2026-04-07 04:36:01,579 - aqt.helper - DEBUG - helper 13740 Attempt to download checksum at https://download.qt.io/online/qtsdkrepository/windows_x86/extensions/qtpdf/6101/msvc2022_64/Updates.xml.sha256
2026-04-07 04:36:03,451 - aqt.archives - INFO - archives 13740 Found extension qtpdf
2026-04-07 04:36:04,052 - aqt.helper - DEBUG - helper 19320 Attempt to download checksum at https://download.qt.io/online/qtsdkrepository/windows_x86/desktop/qt6_6101/qt6_6101/qt.qt6.6101.addons.qtimageformats.win64_msvc2022_64/6.10.1-0-202511161843qtimageformats-Windows-Windows_11_24H2-MSVC2022-Windows-Windows_11_24H2-X86_64.7z.sha256
2026-04-07 04:36:04,058 - aqt.helper - DEBUG - helper 12168 Attempt to download checksum at https://download.qt.io/online/qtsdkrepository/windows_x86/desktop/qt6_6101/qt6_6101/qt.qt6.6101.win64_msvc2022_64/6.10.1-0-202511161843qtbase-Windows-Windows_11_24H2-MSVC2022-Windows-Windows_11_24H2-X86_64.7z.sha256
2026-04-07 04:36:04,066 - aqt.helper - DEBUG - helper 16924 Attempt to download checksum at https://download.qt.io/online/qtsdkrepository/windows_x86/desktop/qt6_6101/qt6_6101/qt.qt6.6101.win64_msvc2022_64/6.10.1-0-202511161843qtsvg-Windows-Windows_11_24H2-MSVC2022-Windows-Windows_11_24H2-X86_64.7z.sha256
2026-04-07 04:36:04,074 - aqt.helper - DEBUG - helper 16904 Attempt to download checksum at https://download.qt.io/online/qtsdkrepository/windows_x86/desktop/qt6_6101/qt6_6101/qt.qt6.6101.win64_msvc2022_64/6.10.1-0-202511161843qtdeclarative-Windows-Windows_11_24H2-MSVC2022-Windows-Windows_11_24H2-X86_64.7z.sha256
2026-04-07 04:36:04,987 - aqt.helper - INFO - helper 12168 Downloading qtbase...
2026-04-07 04:36:04,993 - aqt.helper - INFO - helper 16924 Downloading qtsvg...
ttps://download.qt.io/online/qtsdkrepository/windows_x86/desktop/qt6_6101/qt6_6101/qt.qt6.6101.win64_msvc2022_64/6.10.1-0-202511161843qtbase-Windows-Windows_11_24H2-MSVC2022-Windows-Windows_11_24H2-X86_64.7z
2026-04-07 04:36:04,993 - aqt.installer - DEBUG - installer 16924 Download URL: https://download.qt.io/online/qtsdkrepository/windows_x86/desktop/qt6_6101/qt6_6101/qt.qt6.6101.win64_msvc2022_64/6.10.1-0-202511161843qtsvg-Windows-Windows_11_24H2-MSVC2022-Windows-Windows_11_24H2-X86_64.7z
2026-04-07 04:36:05,932 - aqt.helper - DEBUG - helper 12168 Asked to redirect(302) to: https://qt.mirror.constant.com/online/qtsdkrepository/windows_x86/desktop/qt6_6101/qt6_6101/qt.qt6.6101.win64_msvc2022_64/6.10.1-0-202511161843qtbase-Windows-Windows_11_24H2-MSVC2022-Windows-Windows_11_24H2-X86_64.7z
2026-04-07 04:36:05,932 - aqt.helper - INFO - helper 12168 Redirected: qt.mirror.constant.com
2026-04-07 04:36:06,271 - aqt.helper - INFO - helper 19320 Downloading qtimageformats...
2026-04-07 04:36:06,271 - aqt.installer - DEBUG - installer 19320 Download URL: https://download.qt.io/online/qtsdkrepository/windows_x86/desktop/qt6_6101/qt6_6101/qt.qt6.6101.addons.qtimageformats.win64_msvc2022_64/6.10.1-0-202511161843qtimageformats-Windows-Windows_11_24H2-MSVC2022-Windows-Windows_11_24H2-X86_64.7z
2026-04-07 04:36:07,813 - aqt.helper - DEBUG - helper 19320 Asked to redirect(302) to: https://qt.mirror.constant.com/online/qtsdkrepository/windows_x86/desktop/qt6_6101/qt6_6101/qt.qt6.6101.addons.qtimageformats.win64_msvc2022_64/6.10.1-0-202511161843qtimageformats-Windows-Windows_11_24H2-MSVC2022-Windows-Windows_11_24H2-X86_64.7z
2026-04-07 04:36:07,814 - aqt.helper - INFO - helper 19320 Redirected: qt.mirror.constant.com
2026-04-07 04:36:10,306 - aqt.installer - INFO - installer 19320 Finished installation of qtimageformats-Windows-Windows_11_24H2-MSVC2022-Windows-Windows_11_24H2-X86_64.7z in 6.26051510
2026-04-07 04:36:10,322 - aqt.helper - DEBUG - helper 19320 Attempt to download checksum at https://download.qt.io/online/qtsdkrepository/windows_x86/desktop/qt6_6101/qt6_6101/qt.qt6.6101.win64_msvc2022_64/6.10.1-0-202511161843qttools-Windows-Windows_11_24H2-MSVC2022-Windows-Windows_11_24H2-X86_64.7z.sha256
2026-04-07 04:36:11,258 - aqt.helper - INFO - helper 19320 Downloading qttools...
2026-04-07 04:36:11,258 - aqt.installer - DEBUG - installer 19320 Download URL: https://download.qt.io/online/qtsdkrepository/windows_x86/desktop/qt6_6101/qt6_6101/qt.qt6.6101.win64_msvc2022_64/6.10.1-0-202511161843qttools-Windows-Windows_11_24H2-MSVC2022-Windows-Windows_11_24H2-X86_64.7z
2026-04-07 04:36:11,493 - aqt.helper - DEBUG - helper 16924 Asked to redirect(302) to: https://qt.mirror.constant.com/online/qtsdkrepository/windows_x86/desktop/qt6_6101/qt6_6101/qt.qt6.6101.win64_msvc2022_64/6.10.1-0-202511161843qtsvg-Windows-Windows_11_24H2-MSVC2022-Windows-Windows_11_24H2-X86_64.7z
2026-04-07 04:36:11,493 - aqt.helper - INFO - helper 16924 Redirected: qt.mirror.constant.com
2026-04-07 04:36:12,557 - aqt.installer - INFO - installer 16924 Finished installation of qtsvg-Windows-Windows_11_24H2-MSVC2022-Windows-Windows_11_24H2-X86_64.7z in 8.49631330
2026-04-07 04:36:12,572 - aqt.helper - DEBUG - helper 16924 Attempt to download checksum at https://download.qt.io/online/qtsdkrepository/windows_x86/desktop/qt6_6101/qt6_6101/qt.qt6.6101.win64_msvc2022_64/6.10.1-0-202511161843qttranslations-Windows-Windows_11_24H2-MSVC2022-Windows-Windows_11_24H2-X86_64.7z.sha256
2026-04-07 04:36:13,492 - aqt.helper - INFO - helper 16924 Downloading qttranslations...
2026-04-07 04:36:13,493 - aqt.installer - DEBUG - installer 16924 Download URL: https://download.qt.io/online/qtsdkrepository/windows_x86/desktop/qt6_6101/qt6_6101/qt.qt6.6101.win64_msvc2022_64/6.10.1-0-202511161843qttranslations-Windows-Windows_11_24H2-MSVC2022-Windows-Windows_11_24H2-X86_64.7z
2026-04-07 04:36:13,944 - aqt.installer - INFO - installer 12168 Finished installation of qtbase-Windows-Windows_11_24H2-MSVC2022-Windows-Windows_11_24H2-X86_64.7z in 9.89073570
2026-04-07 04:36:13,976 - aqt.helper - DEBUG - helper 12168 Attempt to download checksum at https://download.qt.io/online/qtsdkrepository/windows_x86/desktop/qt6_6101/qt6_6101/qt.qt6.6101.win64_msvc2022_64/6.10.1-0-202511161843d3dcompiler_47-x64.7z.sha256
2026-04-07 04:36:14,439 - aqt.helper - DEBUG - helper 16924 Asked to redirect(302) to: https://qt.mirror.constant.com/online/qtsdkrepository/windows_x86/desktop/qt6_6101/qt6_6101/qt.qt6.6101.win64_msvc2022_64/6.10.1-0-202511161843qttranslations-Windows-Windows_11_24H2-MSVC2022-Windows-Windows_11_24H2-X86_64.7z
2026-04-07 04:36:14,439 - aqt.helper - INFO - helper 16924 Redirected: qt.mirror.constant.com
2026-04-07 04:36:14,887 - aqt.helper - INFO - helper 12168 Downloading d3dcompiler_47...
2026-04-07 04:36:14,887 - aqt.installer - DEBUG - installer 12168 Download URL: https://download.qt.io/online/qtsdkrepository/windows_x86/desktop/qt6_6101/qt6_6101/qt.qt6.6101.win64_msvc2022_64/6.10.1-0-202511161843d3dcompiler_47-x64.7z
2026-04-07 04:36:15,726 - aqt.installer - INFO - installer 16924 Finished installation of qttranslations-Windows-Windows_11_24H2-MSVC2022-Windows-Windows_11_24H2-X86_64.7z in 3.15719010
2026-04-07 04:36:15,752 - aqt.helper - DEBUG - helper 16924 Attempt to download checksum at https://download.qt.io/online/qtsdkrepository/windows_x86/desktop/qt6_6101/qt6_6101/qt.qt6.6101.win64_msvc2022_64/6.10.1-0-202511161843opengl32sw-64-mesa_11_2_2-signed_sha256.7z.sha256
2026-04-07 04:36:15,819 - aqt.helper - DEBUG - helper 12168 Asked to redirect(302) to: https://qt.mirror.constant.com/online/qtsdkrepository/windows_x86/desktop/qt6_6101/qt6_6101/qt.qt6.6101.win64_msvc2022_64/6.10.1-0-202511161843d3dcompiler_47-x64.7z
2026-04-07 04:36:15,819 - aqt.helper - INFO - helper 12168 Redirected: qt.mirror.constant.com
2026-04-07 04:36:16,689 - aqt.helper - INFO - helper 16924 Downloading opengl32sw...
2026-04-07 04:36:16,689 - aqt.installer - DEBUG - installer 16924 Download URL: https://download.qt.io/online/qtsdkrepository/windows_x86/desktop/qt6_6101/qt6_6101/qt.qt6.6101.win64_msvc2022_64/6.10.1-0-202511161843opengl32sw-64-mesa_11_2_2-signed_sha256.7z
2026-04-07 04:36:17,615 - aqt.helper - DEBUG - helper 16924 Asked to redirect(302) to: https://qt.mirror.constant.com/online/qtsdkrepository/windows_x86/desktop/qt6_6101/qt6_6101/qt.qt6.6101.win64_msvc2022_64/6.10.1-0-202511161843opengl32sw-64-mesa_11_2_2-signed_sha256.7z
2026-04-07 04:36:17,615 - aqt.helper - INFO - helper 16924 Redirected: qt.mirror.constant.com
2026-04-07 04:36:18,995 - aqt.installer - INFO - installer 12168 Finished installation of d3dcompiler_47-x64.7z in 5.02342710
2026-04-07 04:36:19,394 - aqt.installer - INFO - installer 16924 Finished installation of opengl32sw-64-mesa_11_2_2-signed_sha256.7z in 3.64547700
2026-04-07 04:36:19,532 - aqt.helper - DEBUG - helper 19320 Asked to redirect(302) to: https://qt.mirror.constant.com/online/qtsdkrepository/windows_x86/desktop/qt6_6101/qt6_6101/qt.qt6.6101.win64_msvc2022_64/6.10.1-0-202511161843qttools-Windows-Windows_11_24H2-MSVC2022-Windows-Windows_11_24H2-X86_64.7z
2026-04-07 04:36:19,532 - aqt.helper - INFO - helper 19320 Redirected: qt.mirror.constant.com
2026-04-07 04:36:19,733 - aqt.helper - INFO - helper 16904 Downloading qtdeclarative...
2026-04-07 04:36:19,733 - aqt.installer - DEBUG - installer 16904 Download URL: https://download.qt.io/online/qtsdkrepository/windows_x86/desktop/qt6_6101/qt6_6101/qt.qt6.6101.win64_msvc2022_64/6.10.1-0-202511161843qtdeclarative-Windows-Windows_11_24H2-MSVC2022-Windows-Windows_11_24H2-X86_64.7z
2026-04-07 04:36:20,652 - aqt.helper - DEBUG - helper 16904 Asked to redirect(302) to: https://qt.mirror.constant.com/online/qtsdkrepository/windows_x86/desktop/qt6_6101/qt6_6101/qt.qt6.6101.win64_msvc2022_64/6.10.1-0-202511161843qtdeclarative-Windows-Windows_11_24H2-MSVC2022-Windows-Windows_11_24H2-X86_64.7z
2026-04-07 04:36:20,652 - aqt.helper - INFO - helper 16904 Redirected: qt.mirror.constant.com
2026-04-07 04:36:23,338 - aqt.installer - INFO - installer 19320 Finished installation of qttools-Windows-Windows_11_24H2-MSVC2022-Windows-Windows_11_24H2-X86_64.7z in 13.01938420
2026-04-07 04:36:48,824 - aqt.installer - INFO - installer 16904 Finished installation of qtdeclarative-Windows-Windows_11_24H2-MSVC2022-Windows-Windows_11_24H2-X86_64.7z in 44.75451800
2026-04-07 04:36:49,062 - aqt.updater - INFO - updater 13740 Patching C:\Qt\6.10.1\msvc2022_64\bin\qmake.exe
2026-04-07 04:36:49,068 - aqt.updater - INFO - updater 13740 Patching C:\Qt\6.10.1\msvc2022_64\lib\Qt6Concurrent.prl
2026-04-07 04:36:49,069 - aqt.updater - INFO - updater 13740 Patching C:\Qt\6.10.1\msvc2022_64\lib\Qt6Concurrentd.prl
2026-04-07 04:36:49,070 - aqt.updater - INFO - updater 13740 Patching C:\Qt\6.10.1\msvc2022_64\lib\Qt6Core.prl
2026-04-07 04:36:49,070 - aqt.updater - INFO - updater 13740 Patching C:\Qt\6.10.1\msvc2022_64\lib\Qt6Cored.prl
2026-04-07 04:36:49,071 - aqt.updater - INFO - updater 13740 Patching C:\Qt\6.10.1\msvc2022_64\lib\Qt6DBus.prl
2026-04-07 04:36:49,071 - aqt.updater - INFO - updater 13740 Patching C:\Qt\6.10.1\msvc2022_64\lib\Qt6DBusd.prl
2026-04-07 04:36:49,072 - aqt.updater - INFO - updater 13740 Patching C:\Qt\6.10.1\msvc2022_64\lib\Qt6Designer.prl
2026-04-07 04:36:49,072 - aqt.updater - INFO - updater 13740 Patching C:\Qt\6.10.1\msvc2022_64\lib\Qt6DesignerComponents.prl
2026-04-07 04:36:49,073 - aqt.updater - INFO - updater 13740 Patching C:\Qt\6.10.1\msvc2022_64\lib\Qt6DesignerComponentsd.prl
2026-04-07 04:36:49,073 - aqt.updater - INFO - updater 13740 Patching C:\Qt\6.10.1\msvc2022_64\lib\Qt6Designerd.prl
2026-04-07 04:36:49,074 - aqt.updater - INFO - updater 13740 Patching C:\Qt\6.10.1\msvc2022_64\lib\Qt6DeviceDiscoverySupport.prl
2026-04-07 04:36:49,074 - aqt.updater - INFO - updater 13740 Patching C:\Qt\6.10.1\msvc2022_64\lib\Qt6DeviceDiscoverySupportd.prl
2026-04-07 04:36:49,075 - aqt.updater - INFO - updater 13740 Patching C:\Qt\6.10.1\msvc2022_64\lib\Qt6EntryPoint.prl
2026-04-07 04:36:49,075 - aqt.updater - INFO - updater 13740 Patching C:\Qt\6.10.1\msvc2022_64\lib\Qt6EntryPointd.prl
2026-04-07 04:36:49,076 - aqt.updater - INFO - updater 13740 Patching C:\Qt\6.10.1\msvc2022_64\lib\Qt6ExampleIcons.prl
2026-04-07 04:36:49,076 - aqt.updater - INFO - updater 13740 Patching C:\Qt\6.10.1\msvc2022_64\lib\Qt6ExampleIconsd.prl
2026-04-07 04:36:49,077 - aqt.updater - INFO - updater 13740 Patching C:\Qt\6.10.1\msvc2022_64\lib\Qt6ExamplesAssetDownloader.prl
2026-04-07 04:36:49,077 - aqt.updater - INFO - updater 13740 Patching C:\Qt\6.10.1\msvc2022_64\lib\Qt6ExamplesAssetDownloaderd.prl
2026-04-07 04:36:49,077 - aqt.updater - INFO - updater 13740 Patching C:\Qt\6.10.1\msvc2022_64\lib\Qt6FbSupport.prl
2026-04-07 04:36:49,078 - aqt.updater - INFO - updater 13740 Patching C:\Qt\6.10.1\msvc2022_64\lib\Qt6FbSupportd.prl
2026-04-07 04:36:49,078 - aqt.updater - INFO - updater 13740 Patching C:\Qt\6.10.1\msvc2022_64\lib\Qt6Gui.prl
2026-04-07 04:36:49,079 - aqt.updater - INFO - updater 13740 Patching C:\Qt\6.10.1\msvc2022_64\lib\Qt6Guid.prl
2026-04-07 04:36:49,079 - aqt.updater - INFO - updater 13740 Patching C:\Qt\6.10.1\msvc2022_64\lib\Qt6Help.prl
2026-04-07 04:36:49,080 - aqt.updater - INFO - updater 13740 Patching C:\Qt\6.10.1\msvc2022_64\lib\Qt6Helpd.prl
2026-04-07 04:36:49,080 - aqt.updater - INFO - updater 13740 Patching C:\Qt\6.10.1\msvc2022_64\lib\Qt6LabsAnimation.prl
2026-04-07 04:36:49,081 - aqt.updater - INFO - updater 13740 Patching C:\Qt\6.10.1\msvc2022_64\lib\Qt6LabsAnimationd.prl
2026-04-07 04:36:49,081 - aqt.updater - INFO - updater 13740 Patching C:\Qt\6.10.1\msvc2022_64\lib\Qt6LabsFolderListModel.prl
2026-04-07 04:36:49,081 - aqt.updater - INFO - updater 13740 Patching C:\Qt\6.10.1\msvc2022_64\lib\Qt6LabsFolderListModeld.prl
2026-04-07 04:36:49,082 - aqt.updater - INFO - updater 13740 Patching C:\Qt\6.10.1\msvc2022_64\lib\Qt6LabsPlatform.prl
2026-04-07 04:36:49,082 - aqt.updater - INFO - updater 13740 Patching C:\Qt\6.10.1\msvc2022_64\lib\Qt6LabsPlatformd.prl
2026-04-07 04:36:49,083 - aqt.updater - INFO - updater 13740 Patching C:\Qt\6.10.1\msvc2022_64\lib\Qt6LabsQmlModels.prl
2026-04-07 04:36:49,083 - aqt.updater - INFO - updater 13740 Patching C:\Qt\6.10.1\msvc2022_64\lib\Qt6LabsQmlModelsd.prl
2026-04-07 04:36:49,083 - aqt.updater - INFO - updater 13740 Patching C:\Qt\6.10.1\msvc2022_64\lib\Qt6LabsSettings.prl
2026-04-07 04:36:49,084 - aqt.updater - INFO - updater 13740 Patching C:\Qt\6.10.1\msvc2022_64\lib\Qt6LabsSettingsd.prl
2026-04-07 04:36:49,084 - aqt.updater - INFO - updater 13740 Patching C:\Qt\6.10.1\msvc2022_64\lib\Qt6LabsSharedImage.prl
2026-04-07 04:36:49,085 - aqt.updater - INFO - updater 13740 Patching C:\Qt\6.10.1\msvc2022_64\lib\Qt6LabsSharedImaged.prl
2026-04-07 04:36:49,085 - aqt.updater - INFO - updater 13740 Patching C:\Qt\6.10.1\msvc2022_64\lib\Qt6LabsSynchronizer.prl
2026-04-07 04:36:49,085 - aqt.updater - INFO - updater 13740 Patching C:\Qt\6.10.1\msvc2022_64\lib\Qt6LabsSynchronizerd.prl
2026-04-07 04:36:49,086 - aqt.updater - INFO - updater 13740 Patching C:\Qt\6.10.1\msvc2022_64\lib\Qt6LabsWavefrontMesh.prl
2026-04-07 04:36:49,086 - aqt.updater - INFO - updater 13740 Patching C:\Qt\6.10.1\msvc2022_64\lib\Qt6LabsWavefrontMeshd.prl
2026-04-07 04:36:49,086 - aqt.updater - INFO - updater 13740 Patching C:\Qt\6.10.1\msvc2022_64\lib\Qt6Network.prl
2026-04-07 04:36:49,087 - aqt.updater - INFO - updater 13740 Patching C:\Qt\6.10.1\msvc2022_64\lib\Qt6Networkd.prl
2026-04-07 04:36:49,087 - aqt.updater - INFO - updater 13740 Patching C:\Qt\6.10.1\msvc2022_64\lib\Qt6OpenGL.prl
2026-04-07 04:36:49,088 - aqt.updater - INFO - updater 13740 Patching C:\Qt\6.10.1\msvc2022_64\lib\Qt6OpenGLd.prl
2026-04-07 04:36:49,088 - aqt.updater - INFO - updater 13740 Patching C:\Qt\6.10.1\msvc2022_64\lib\Qt6OpenGLWidgets.prl
2026-04-07 04:36:49,089 - aqt.updater - INFO - updater 13740 Patching C:\Qt\6.10.1\msvc2022_64\lib\Qt6OpenGLWidgetsd.prl
2026-04-07 04:36:49,089 - aqt.updater - INFO - updater 13740 Patching C:\Qt\6.10.1\msvc2022_64\lib\Qt6PacketProtocol.prl
2026-04-07 04:36:49,089 - aqt.updater - INFO - updater 13740 Patching C:\Qt\6.10.1\msvc2022_64\lib\Qt6PacketProtocold.prl
2026-04-07 04:36:49,090 - aqt.updater - INFO - updater 13740 Patching C:\Qt\6.10.1\msvc2022_64\lib\Qt6PrintSupport.prl
2026-04-07 04:36:49,090 - aqt.updater - INFO - updater 13740 Patching C:\Qt\6.10.1\msvc2022_64\lib\Qt6PrintSupportd.prl
2026-04-07 04:36:49,090 - aqt.updater - INFO - updater 13740 Patching C:\Qt\6.10.1\msvc2022_64\lib\Qt6Qml.prl
2026-04-07 04:36:49,091 - aqt.updater - INFO - updater 13740 Patching C:\Qt\6.10.1\msvc2022_64\lib\Qt6QmlAssetDownloader.prl
2026-04-07 04:36:49,132 - aqt.updater - INFO - updater 13740 Patching C:\Qt\6.10.1\msvc2022_64\lib\Qt6QmlAssetDownloaderd.prl
2026-04-07 04:36:49,132 - aqt.updater - INFO - updater 13740 Patching C:\Qt\6.10.1\msvc2022_64\lib\Qt6QmlCompiler.prl
2026-04-07 04:36:49,133 - aqt.updater - INFO - updater 13740 Patching C:\Qt\6.10.1\msvc2022_64\lib\Qt6QmlCompilerd.prl
2026-04-07 04:36:49,133 - aqt.updater - INFO - updater 13740 Patching C:\Qt\6.10.1\msvc2022_64\lib\Qt6QmlCore.prl
2026-04-07 04:36:49,134 - aqt.updater - INFO - updater 13740 Patching C:\Qt\6.10.1\msvc2022_64\lib\Qt6QmlCored.prl
2026-04-07 04:36:49,134 - aqt.updater - INFO - updater 13740 Patching C:\Qt\6.10.1\msvc2022_64\lib\Qt6Qmld.prl
2026-04-07 04:36:49,135 - aqt.updater - INFO - updater 13740 Patching C:\Qt\6.10.1\msvc2022_64\lib\Qt6QmlDebug.prl
2026-04-07 04:36:49,135 - aqt.updater - INFO - updater 13740 Patching C:\Qt\6.10.1\msvc2022_64\lib\Qt6QmlDebugd.prl
2026-04-07 04:36:49,135 - aqt.updater - INFO - updater 13740 Patching C:\Qt\6.10.1\msvc2022_64\lib\Qt6QmlDom.prl
2026-04-07 04:36:49,136 - aqt.updater - INFO - updater 13740 Patching C:\Qt\6.10.1\msvc2022_64\lib\Qt6QmlDomd.prl
2026-04-07 04:36:49,136 - aqt.updater - INFO - updater 13740 Patching C:\Qt\6.10.1\msvc2022_64\lib\Qt6QmlFormat.prl
2026-04-07 04:36:49,137 - aqt.updater - INFO - updater 13740 Patching C:\Qt\6.10.1\msvc2022_64\lib\Qt6QmlFormatd.prl
2026-04-07 04:36:49,137 - aqt.updater - INFO - updater 13740 Patching C:\Qt\6.10.1\msvc2022_64\lib\Qt6QmlLocalStorage.prl
2026-04-07 04:36:49,137 - aqt.updater - INFO - updater 13740 Patching C:\Qt\6.10.1\msvc2022_64\lib\Qt6QmlLocalStoraged.prl
2026-04-07 04:36:49,138 - aqt.updater - INFO - updater 13740 Patching C:\Qt\6.10.1\msvc2022_64\lib\Qt6QmlLS.prl
2026-04-07 04:36:49,138 - aqt.updater - INFO - updater 13740 Patching C:\Qt\6.10.1\msvc2022_64\lib\Qt6QmlLSd.prl
2026-04-07 04:36:49,139 - aqt.updater - INFO - updater 13740 Patching C:\Qt\6.10.1\msvc2022_64\lib\Qt6QmlMeta.prl
2026-04-07 04:36:49,139 - aqt.updater - INFO - updater 13740 Patching C:\Qt\6.10.1\msvc2022_64\lib\Qt6QmlMetad.prl
2026-04-07 04:36:49,139 - aqt.updater - INFO - updater 13740 Patching C:\Qt\6.10.1\msvc2022_64\lib\Qt6QmlModels.prl
2026-04-07 04:36:49,140 - aqt.updater - INFO - updater 13740 Patching C:\Qt\6.10.1\msvc2022_64\lib\Qt6QmlModelsd.prl
2026-04-07 04:36:49,140 - aqt.updater - INFO - updater 13740 Patching C:\Qt\6.10.1\msvc2022_64\lib\Qt6QmlNetwork.prl
2026-04-07 04:36:49,140 - aqt.updater - INFO - updater 13740 Patching C:\Qt\6.10.1\msvc2022_64\lib\Qt6QmlNetworkd.prl
2026-04-07 04:36:49,141 - aqt.updater - INFO - updater 13740 Patching C:\Qt\6.10.1\msvc2022_64\lib\Qt6QmlToolingSettings.prl
2026-04-07 04:36:49,141 - aqt.updater - INFO - updater 13740 Patching C:\Qt\6.10.1\msvc2022_64\lib\Qt6QmlToolingSettingsd.prl
2026-04-07 04:36:49,142 - aqt.updater - INFO - updater 13740 Patching C:\Qt\6.10.1\msvc2022_64\lib\Qt6QmlTypeRegistrar.prl
2026-04-07 04:36:49,142 - aqt.updater - INFO - updater 13740 Patching C:\Qt\6.10.1\msvc2022_64\lib\Qt6QmlTypeRegistrard.prl
2026-04-07 04:36:49,143 - aqt.updater - INFO - updater 13740 Patching C:\Qt\6.10.1\msvc2022_64\lib\Qt6QmlWorkerScript.prl
2026-04-07 04:36:49,143 - aqt.updater - INFO - updater 13740 Patching C:\Qt\6.10.1\msvc2022_64\lib\Qt6QmlWorkerScriptd.prl
2026-04-07 04:36:49,143 - aqt.updater - INFO - updater 13740 Patching C:\Qt\6.10.1\msvc2022_64\lib\Qt6QmlXmlListModel.prl
2026-04-07 04:36:49,144 - aqt.updater - INFO - updater 13740 Patching C:\Qt\6.10.1\msvc2022_64\lib\Qt6QmlXmlListModeld.prl
2026-04-07 04:36:49,144 - aqt.updater - INFO - updater 13740 Patching C:\Qt\6.10.1\msvc2022_64\lib\Qt6Quick.prl
2026-04-07 04:36:49,145 - aqt.updater - INFO - updater 13740 Patching C:\Qt\6.10.1\msvc2022_64\lib\Qt6QuickControls2.prl
2026-04-07 04:36:49,145 - aqt.updater - INFO - updater 13740 Patching C:\Qt\6.10.1\msvc2022_64\lib\Qt6QuickControls2Basic.prl
2026-04-07 04:36:49,146 - aqt.updater - INFO - updater 13740 Patching C:\Qt\6.10.1\msvc2022_64\lib\Qt6QuickControls2Basicd.prl
2026-04-07 04:36:49,146 - aqt.updater - INFO - updater 13740 Patching C:\Qt\6.10.1\msvc2022_64\lib\Qt6QuickControls2BasicStyleImpl.prl
2026-04-07 04:36:49,147 - aqt.updater - INFO - updater 13740 Patching C:\Qt\6.10.1\msvc2022_64\lib\Qt6QuickControls2BasicStyleImpld.prl
2026-04-07 04:36:49,147 - aqt.updater - INFO - updater 13740 Patching C:\Qt\6.10.1\msvc2022_64\lib\Qt6QuickControls2d.prl
2026-04-07 04:36:49,148 - aqt.updater - INFO - updater 13740 Patching C:\Qt\6.10.1\msvc2022_64\lib\Qt6QuickControls2FluentWinUI3StyleImpl.prl
2026-04-07 04:36:49,148 - aqt.updater - INFO - updater 13740 Patching C:\Qt\6.10.1\msvc2022_64\lib\Qt6QuickControls2FluentWinUI3StyleImpld.prl
2026-04-07 04:36:49,148 - aqt.updater - INFO - updater 13740 Patching C:\Qt\6.10.1\msvc2022_64\lib\Qt6QuickControls2Fusion.prl
2026-04-07 04:36:49,149 - aqt.updater - INFO - updater 13740 Patching C:\Qt\6.10.1\msvc2022_64\lib\Qt6QuickControls2Fusiond.prl
2026-04-07 04:36:49,149 - aqt.updater - INFO - updater 13740 Patching C:\Qt\6.10.1\msvc2022_64\lib\Qt6QuickControls2FusionStyleImpl.prl
2026-04-07 04:36:49,150 - aqt.updater - INFO - updater 13740 Patching C:\Qt\6.10.1\msvc2022_64\lib\Qt6QuickControls2FusionStyleImpld.prl
2026-04-07 04:36:49,150 - aqt.updater - INFO - updater 13740 Patching C:\Qt\6.10.1\msvc2022_64\lib\Qt6QuickControls2Imagine.prl
2026-04-07 04:36:49,150 - aqt.updater - INFO - updater 13740 Patching C:\Qt\6.10.1\msvc2022_64\lib\Qt6QuickControls2Imagined.prl
2026-04-07 04:36:49,151 - aqt.updater - INFO - updater 13740 Patching C:\Qt\6.10.1\msvc2022_64\lib\Qt6QuickControls2ImagineStyleImpl.prl
2026-04-07 04:36:49,151 - aqt.updater - INFO - updater 13740 Patching C:\Qt\6.10.1\msvc2022_64\lib\Qt6QuickControls2ImagineStyleImpld.prl
2026-04-07 04:36:49,152 - aqt.updater - INFO - updater 13740 Patching C:\Qt\6.10.1\msvc2022_64\lib\Qt6QuickControls2Impl.prl
2026-04-07 04:36:49,152 - aqt.updater - INFO - updater 13740 Patching C:\Qt\6.10.1\msvc2022_64\lib\Qt6QuickControls2Impld.prl
2026-04-07 04:36:49,152 - aqt.updater - INFO - updater 13740 Patching C:\Qt\6.10.1\msvc2022_64\lib\Qt6QuickControls2Material.prl
2026-04-07 04:36:49,153 - aqt.updater - INFO - updater 13740 Patching C:\Qt\6.10.1\msvc2022_64\lib\Qt6QuickControls2Materiald.prl
2026-04-07 04:36:49,153 - aqt.updater - INFO - updater 13740 Patching C:\Qt\6.10.1\msvc2022_64\lib\Qt6QuickControls2MaterialStyleImpl.prl
2026-04-07 04:36:49,153 - aqt.updater - INFO - updater 13740 Patching C:\Qt\6.10.1\msvc2022_64\lib\Qt6QuickControls2MaterialStyleImpld.prl
2026-04-07 04:36:49,154 - aqt.updater - INFO - updater 13740 Patching C:\Qt\6.10.1\msvc2022_64\lib\Qt6QuickControls2Universal.prl
2026-04-07 04:36:49,154 - aqt.updater - INFO - updater 13740 Patching C:\Qt\6.10.1\msvc2022_64\lib\Qt6QuickControls2Universald.prl
2026-04-07 04:36:49,155 - aqt.updater - INFO - updater 13740 Patching C:\Qt\6.10.1\msvc2022_64\lib\Qt6QuickControls2UniversalStyleImpl.prl
2026-04-07 04:36:49,155 - aqt.updater - INFO - updater 13740 Patching C:\Qt\6.10.1\msvc2022_64\lib\Qt6QuickControls2UniversalStyleImpld.prl
2026-04-07 04:36:49,155 - aqt.updater - INFO - updater 13740 Patching C:\Qt\6.10.1\msvc2022_64\lib\Qt6QuickControls2WindowsStyleImpl.prl
2026-04-07 04:36:49,156 - aqt.updater - INFO - updater 13740 Patching C:\Qt\6.10.1\msvc2022_64\lib\Qt6QuickControls2WindowsStyleImpld.prl
2026-04-07 04:36:49,156 - aqt.updater - INFO - updater 13740 Patching C:\Qt\6.10.1\msvc2022_64\lib\Qt6QuickControlsTestUtils.prl
2026-04-07 04:36:49,157 - aqt.updater - INFO - updater 13740 Patching C:\Qt\6.10.1\msvc2022_64\lib\Qt6QuickControlsTestUtilsd.prl
2026-04-07 04:36:49,157 - aqt.updater - INFO - updater 13740 Patching C:\Qt\6.10.1\msvc2022_64\lib\Qt6Quickd.prl
2026-04-07 04:36:49,158 - aqt.updater - INFO - updater 13740 Patching C:\Qt\6.10.1\msvc2022_64\lib\Qt6QuickDialogs2.prl
2026-04-07 04:36:49,158 - aqt.updater - INFO - updater 13740 Patching C:\Qt\6.10.1\msvc2022_64\lib\Qt6QuickDialogs2d.prl
2026-04-07 04:36:49,158 - aqt.updater - INFO - updater 13740 Patching C:\Qt\6.10.1\msvc2022_64\lib\Qt6QuickDialogs2QuickImpl.prl
2026-04-07 04:36:49,159 - aqt.updater - INFO - updater 13740 Patching C:\Qt\6.10.1\msvc2022_64\lib\Qt6QuickDialogs2QuickImpld.prl
2026-04-07 04:36:49,159 - aqt.updater - INFO - updater 13740 Patching C:\Qt\6.10.1\msvc2022_64\lib\Qt6QuickDialogs2Utils.prl
2026-04-07 04:36:49,160 - aqt.updater - INFO - updater 13740 Patching C:\Qt\6.10.1\msvc2022_64\lib\Qt6QuickDialogs2Utilsd.prl
2026-04-07 04:36:49,160 - aqt.updater - INFO - updater 13740 Patching C:\Qt\6.10.1\msvc2022_64\lib\Qt6QuickEffects.prl
2026-04-07 04:36:49,161 - aqt.updater - INFO - updater 13740 Patching C:\Qt\6.10.1\msvc2022_64\lib\Qt6QuickEffectsd.prl
2026-04-07 04:36:49,161 - aqt.updater - INFO - updater 13740 Patching C:\Qt\6.10.1\msvc2022_64\lib\Qt6QuickLayouts.prl
2026-04-07 04:36:49,161 - aqt.updater - INFO - updater 13740 Patching C:\Qt\6.10.1\msvc2022_64\lib\Qt6QuickLayoutsd.prl
2026-04-07 04:36:49,162 - aqt.updater - INFO - updater 13740 Patching C:\Qt\6.10.1\msvc2022_64\lib\Qt6QuickParticles.prl
2026-04-07 04:36:49,162 - aqt.updater - INFO - updater 13740 Patching C:\Qt\6.10.1\msvc2022_64\lib\Qt6QuickParticlesd.prl
2026-04-07 04:36:49,163 - aqt.updater - INFO - updater 13740 Patching C:\Qt\6.10.1\msvc2022_64\lib\Qt6QuickShapes.prl
2026-04-07 04:36:49,163 - aqt.updater - INFO - updater 13740 Patching C:\Qt\6.10.1\msvc2022_64\lib\Qt6QuickShapesd.prl
2026-04-07 04:36:49,163 - aqt.updater - INFO - updater 13740 Patching C:\Qt\6.10.1\msvc2022_64\lib\Qt6QuickShapesDesignHelpers.prl
2026-04-07 04:36:49,164 - aqt.updater - INFO - updater 13740 Patching C:\Qt\6.10.1\msvc2022_64\lib\Qt6QuickShapesDesignHelpersd.prl
2026-04-07 04:36:49,164 - aqt.updater - INFO - updater 13740 Patching C:\Qt\6.10.1\msvc2022_64\lib\Qt6QuickTemplates2.prl
2026-04-07 04:36:49,165 - aqt.updater - INFO - updater 13740 Patching C:\Qt\6.10.1\msvc2022_64\lib\Qt6QuickTemplates2d.prl
2026-04-07 04:36:49,165 - aqt.updater - INFO - updater 13740 Patching C:\Qt\6.10.1\msvc2022_64\lib\Qt6QuickTest.prl
2026-04-07 04:36:49,165 - aqt.updater - INFO - updater 13740 Patching C:\Qt\6.10.1\msvc2022_64\lib\Qt6QuickTestd.prl
2026-04-07 04:36:49,166 - aqt.updater - INFO - updater 13740 Patching C:\Qt\6.10.1\msvc2022_64\lib\Qt6QuickTestUtils.prl
2026-04-07 04:36:49,167 - aqt.updater - INFO - updater 13740 Patching C:\Qt\6.10.1\msvc2022_64\lib\Qt6QuickTestUtilsd.prl
2026-04-07 04:36:49,167 - aqt.updater - INFO - updater 13740 Patching C:\Qt\6.10.1\msvc2022_64\lib\Qt6QuickVectorImage.prl
2026-04-07 04:36:49,168 - aqt.updater - INFO - updater 13740 Patching C:\Qt\6.10.1\msvc2022_64\lib\Qt6QuickVectorImaged.prl
2026-04-07 04:36:49,168 - aqt.updater - INFO - updater 13740 Patching C:\Qt\6.10.1\msvc2022_64\lib\Qt6QuickVectorImageGenerator.prl
2026-04-07 04:36:49,168 - aqt.updater - INFO - updater 13740 Patching C:\Qt\6.10.1\msvc2022_64\lib\Qt6QuickVectorImageGeneratord.prl
2026-04-07 04:36:49,169 - aqt.updater - INFO - updater 13740 Patching C:\Qt\6.10.1\msvc2022_64\lib\Qt6QuickVectorImageHelpers.prl
2026-04-07 04:36:49,169 - aqt.updater - INFO - updater 13740 Patching C:\Qt\6.10.1\msvc2022_64\lib\Qt6QuickVectorImageHelpersd.prl
2026-04-07 04:36:49,169 - aqt.updater - INFO - updater 13740 Patching C:\Qt\6.10.1\msvc2022_64\lib\Qt6QuickWidgets.prl
2026-04-07 04:36:49,170 - aqt.updater - INFO - updater 13740 Patching C:\Qt\6.10.1\msvc2022_64\lib\Qt6QuickWidgetsd.prl
2026-04-07 04:36:49,170 - aqt.updater - INFO - updater 13740 Patching C:\Qt\6.10.1\msvc2022_64\lib\Qt6Sql.prl
2026-04-07 04:36:49,170 - aqt.updater - INFO - updater 13740 Patching C:\Qt\6.10.1\msvc2022_64\lib\Qt6Sqld.prl
2026-04-07 04:36:49,171 - aqt.updater - INFO - updater 13740 Patching C:\Qt\6.10.1\msvc2022_64\lib\Qt6Svg.prl
2026-04-07 04:36:49,171 - aqt.updater - INFO - updater 13740 Patching C:\Qt\6.10.1\msvc2022_64\lib\Qt6Svgd.prl
2026-04-07 04:36:49,172 - aqt.updater - INFO - updater 13740 Patching C:\Qt\6.10.1\msvc2022_64\lib\Qt6SvgWidgets.prl
2026-04-07 04:36:49,172 - aqt.updater - INFO - updater 13740 Patching C:\Qt\6.10.1\msvc2022_64\lib\Qt6SvgWidgetsd.prl
2026-04-07 04:36:49,172 - aqt.updater - INFO - updater 13740 Patching C:\Qt\6.10.1\msvc2022_64\lib\Qt6Test.prl
2026-04-07 04:36:49,173 - aqt.updater - INFO - updater 13740 Patching C:\Qt\6.10.1\msvc2022_64\lib\Qt6Testd.prl
2026-04-07 04:36:49,173 - aqt.updater - INFO - updater 13740 Patching C:\Qt\6.10.1\msvc2022_64\lib\Qt6UiTools.prl
2026-04-07 04:36:49,174 - aqt.updater - INFO - updater 13740 Patching C:\Qt\6.10.1\msvc2022_64\lib\Qt6UiToolsd.prl
2026-04-07 04:36:49,174 - aqt.updater - INFO - updater 13740 Patching C:\Qt\6.10.1\msvc2022_64\lib\Qt6Widgets.prl
2026-04-07 04:36:49,174 - aqt.updater - INFO - updater 13740 Patching C:\Qt\6.10.1\msvc2022_64\lib\Qt6Widgetsd.prl
2026-04-07 04:36:49,175 - aqt.updater - INFO - updater 13740 Patching C:\Qt\6.10.1\msvc2022_64\lib\Qt6Xml.prl
2026-04-07 04:36:49,175 - aqt.updater - INFO - updater 13740 Patching C:\Qt\6.10.1\msvc2022_64\lib\Qt6Xmld.prl
2026-04-07 04:36:49,176 - aqt.main - INFO - installer 13740 Finished installation
2026-04-07 04:36:49,176 - aqt.main - INFO - installer 13740 Time elapsed: 54.98981740 second
